Copyright 1986-2022 Xilinx, Inc. All Rights Reserved. Copyright 2022-2024 Advanced Micro Devices, Inc. All Rights Reserved.
---------------------------------------------------------------------------------------------------------------------------------------------
| Tool Version : Vivado v.2024.2 (lin64) Build 5239630 Fri Nov 08 22:34:34 MST 2024
| Date         : Tue Dec 24 08:37:32 2024
| Host         : pdudley-msi-laptop running 64-bit Ubuntu 22.04.5 LTS
| Command      : report_utilization -file ./results/utilization.rpt
| Design       : top
| Device       : xczu2cg-sfvc784-1-e
| Speed File   : -1
| Design State : Routed
---------------------------------------------------------------------------------------------------------------------------------------------

Utilization Design Information

Table of Contents
-----------------
1. CLB Logic
1.1 Summary of Registers by Type
2. CLB Logic Distribution
3. BLOCKRAM
4. ARITHMETIC
5. I/O
6. CLOCK
7. ADVANCED
8. CONFIGURATION
9. Primitives
10. Black Boxes
11. Instantiated Netlists

1. CLB Logic
------------

+----------------------------+-------+-------+------------+-----------+-------+
|          Site Type         |  Used | Fixed | Prohibited | Available | Util% |
+----------------------------+-------+-------+------------+-----------+-------+
| CLB LUTs                   | 11110 |     0 |          0 |     47232 | 23.52 |
|   LUT as Logic             |  9924 |     0 |          0 |     47232 | 21.01 |
|   LUT as Memory            |  1186 |     0 |          0 |     28800 |  4.12 |
|     LUT as Distributed RAM |   484 |     0 |            |           |       |
|     LUT as Shift Register  |   702 |     0 |            |           |       |
| CLB Registers              | 14293 |     0 |          0 |     94464 | 15.13 |
|   Register as Flip Flop    | 14293 |     0 |          0 |     94464 | 15.13 |
|   Register as Latch        |     0 |     0 |          0 |     94464 |  0.00 |
| CARRY8                     |   135 |     0 |          0 |      8820 |  1.53 |
| F7 Muxes                   |   251 |     0 |          0 |     35280 |  0.71 |
| F8 Muxes                   |    38 |     0 |          0 |     17640 |  0.22 |
| F9 Muxes                   |     0 |     0 |          0 |      8820 |  0.00 |
+----------------------------+-------+-------+------------+-----------+-------+
* Warning! LUT value is adjusted to account for LUT combining.


1.1 Summary of Registers by Type
--------------------------------

+-------+--------------+-------------+--------------+
| Total | Clock Enable | Synchronous | Asynchronous |
+-------+--------------+-------------+--------------+
| 0     |            _ |           - |            - |
| 0     |            _ |           - |          Set |
| 0     |            _ |           - |        Reset |
| 0     |            _ |         Set |            - |
| 0     |            _ |       Reset |            - |
| 0     |          Yes |           - |            - |
| 239   |          Yes |           - |          Set |
| 604   |          Yes |           - |        Reset |
| 102   |          Yes |         Set |            - |
| 13348 |          Yes |       Reset |            - |
+-------+--------------+-------------+--------------+


2. CLB Logic Distribution
-------------------------

+--------------------------------------------+-------+-------+------------+-----------+-------+
|                  Site Type                 |  Used | Fixed | Prohibited | Available | Util% |
+--------------------------------------------+-------+-------+------------+-----------+-------+
| CLB                                        |  2468 |     0 |          0 |      8820 | 27.98 |
|   CLBL                                     |  1541 |     0 |            |           |       |
|   CLBM                                     |   927 |     0 |            |           |       |
| LUT as Logic                               |  9924 |     0 |          0 |     47232 | 21.01 |
|   using O5 output only                     |   342 |       |            |           |       |
|   using O6 output only                     |  7293 |       |            |           |       |
|   using O5 and O6                          |  2289 |       |            |           |       |
| LUT as Memory                              |  1186 |     0 |          0 |     28800 |  4.12 |
|   LUT as Distributed RAM                   |   484 |     0 |            |           |       |
|     using O5 output only                   |     0 |       |            |           |       |
|     using O6 output only                   |   248 |       |            |           |       |
|     using O5 and O6                        |   236 |       |            |           |       |
|   LUT as Shift Register                    |   702 |     0 |            |           |       |
|     using O5 output only                   |     0 |       |            |           |       |
|     using O6 output only                   |   182 |       |            |           |       |
|     using O5 and O6                        |   520 |       |            |           |       |
| CLB Registers                              | 14293 |     0 |          0 |     94464 | 15.13 |
|   Register driven from within the CLB      |  6768 |       |            |           |       |
|   Register driven from outside the CLB     |  7525 |       |            |           |       |
|     LUT in front of the register is unused |  4898 |       |            |           |       |
|     LUT in front of the register is used   |  2627 |       |            |           |       |
| Unique Control Sets                        |   774 |       |          0 |     17640 |  4.39 |
+--------------------------------------------+-------+-------+------------+-----------+-------+
* * Note: Available Control Sets calculated as Slices * 2, Review the Control Sets Report for more information regarding control sets.


3. BLOCKRAM
-----------

+-------------------+------+-------+------------+-----------+-------+
|     Site Type     | Used | Fixed | Prohibited | Available | Util% |
+-------------------+------+-------+------------+-----------+-------+
| Block RAM Tile    |    5 |     0 |          0 |       150 |  3.33 |
|   RAMB36/FIFO*    |    5 |     0 |          0 |       150 |  3.33 |
|     RAMB36E2 only |    5 |       |            |           |       |
|   RAMB18          |    0 |     0 |          0 |       300 |  0.00 |
+-------------------+------+-------+------------+-----------+-------+
* Note: Each Block RAM Tile only has one FIFO logic available and therefore can accommodate only one FIFO36E2 or one FIFO18E2. However, if a FIFO18E2 occupies a Block RAM Tile, that tile can still accommodate a RAMB18E2


4. ARITHMETIC
-------------

+-----------+------+-------+------------+-----------+-------+
| Site Type | Used | Fixed | Prohibited | Available | Util% |
+-----------+------+-------+------------+-----------+-------+
| DSPs      |    0 |     0 |          0 |       240 |  0.00 |
+-----------+------+-------+------------+-----------+-------+


5. I/O
------

+------------------+------+-------+------------+-----------+-------+
|     Site Type    | Used | Fixed | Prohibited | Available | Util% |
+------------------+------+-------+------------+-----------+-------+
| Bonded IOB       |    4 |     4 |          0 |       252 |  1.59 |
| HPIOB_M          |    1 |     1 |          0 |        72 |  1.39 |
|   INPUT          |    1 |       |            |           |       |
|   OUTPUT         |    0 |       |            |           |       |
|   BIDIR          |    0 |       |            |           |       |
| HPIOB_S          |    1 |     1 |          0 |        72 |  1.39 |
|   INPUT          |    1 |       |            |           |       |
|   OUTPUT         |    0 |       |            |           |       |
|   BIDIR          |    0 |       |            |           |       |
| HDIOB_M          |    2 |     2 |          0 |        48 |  4.17 |
|   INPUT          |    0 |       |            |           |       |
|   OUTPUT         |    2 |       |            |           |       |
|   BIDIR          |    0 |       |            |           |       |
| HDIOB_S          |    0 |     0 |          0 |        48 |  0.00 |
| HPIOB_SNGL       |    0 |     0 |          0 |        12 |  0.00 |
| HPIOBDIFFINBUF   |    1 |     1 |          0 |        72 |  1.39 |
|   DIFFINBUF      |    1 |     1 |            |           |       |
| HPIOBDIFFOUTBUF  |    0 |     0 |          0 |        72 |  0.00 |
| HDIOBDIFFINBUF   |    0 |     0 |          0 |        48 |  0.00 |
| BITSLICE_CONTROL |    0 |     0 |          0 |        24 |  0.00 |
| BITSLICE_RX_TX   |    0 |     0 |          0 |       936 |  0.00 |
| BITSLICE_TX      |    0 |     0 |          0 |        24 |  0.00 |
| RIU_OR           |    0 |     0 |          0 |        12 |  0.00 |
+------------------+------+-------+------------+-----------+-------+


6. CLOCK
--------

+------------+------+-------+------------+-----------+-------+
|  Site Type | Used | Fixed | Prohibited | Available | Util% |
+------------+------+-------+------------+-----------+-------+
| BUFGCE     |    3 |     0 |          0 |        88 |  3.41 |
| BUFGCE_DIV |    0 |     0 |          0 |        12 |  0.00 |
| BUFG_PS    |    1 |     0 |          0 |        72 |  1.39 |
| BUFGCTRL*  |    0 |     0 |          0 |        24 |  0.00 |
| PLL        |    0 |     0 |          0 |         6 |  0.00 |
| MMCM       |    0 |     0 |          0 |         3 |  0.00 |
+------------+------+-------+------------+-----------+-------+
* Note: Each used BUFGCTRL counts as two GLOBAL CLOCK BUFFERs. This table does not include global clocking resources, only buffer cell usage. See the Clock Utilization Report (report_clock_utilization) for detailed accounting of global clocking resource availability.


7. ADVANCED
-----------

+-----------+------+-------+------------+-----------+--------+
| Site Type | Used | Fixed | Prohibited | Available |  Util% |
+-----------+------+-------+------------+-----------+--------+
| PS8       |    1 |     0 |          0 |         1 | 100.00 |
| SYSMONE4  |    0 |     0 |          0 |         1 |   0.00 |
+-----------+------+-------+------------+-----------+--------+


8. CONFIGURATION
----------------

+-------------+------+-------+------------+-----------+-------+
|  Site Type  | Used | Fixed | Prohibited | Available | Util% |
+-------------+------+-------+------------+-----------+-------+
| BSCANE2     |    1 |     0 |          0 |         4 | 25.00 |
| DNA_PORTE2  |    0 |     0 |          0 |         1 |  0.00 |
| EFUSE_USR   |    0 |     0 |          0 |         1 |  0.00 |
| FRAME_ECCE4 |    0 |     0 |          0 |         1 |  0.00 |
| ICAPE3      |    0 |     0 |          0 |         2 |  0.00 |
| MASTER_JTAG |    0 |     0 |          0 |         1 |  0.00 |
| STARTUPE3   |    0 |     0 |          0 |         1 |  0.00 |
+-------------+------+-------+------------+-----------+-------+


9. Primitives
-------------

+-----------+-------+---------------------+
|  Ref Name |  Used | Functional Category |
+-----------+-------+---------------------+
| FDRE      | 13348 |            Register |
| LUT6      |  5027 |                 CLB |
| LUT5      |  2025 |                 CLB |
| LUT4      |  1928 |                 CLB |
| LUT3      |  1798 |                 CLB |
| LUT2      |  1026 |                 CLB |
| SRL16E    |   619 |                 CLB |
| FDCE      |   604 |            Register |
| SRLC32E   |   599 |                 CLB |
| RAMD32    |   432 |                 CLB |
| LUT1      |   409 |                 CLB |
| MUXF7     |   251 |                 CLB |
| FDPE      |   239 |            Register |
| RAMD64E   |   224 |                 CLB |
| CARRY8    |   135 |                 CLB |
| FDSE      |   102 |            Register |
| RAMS32    |    64 |                 CLB |
| MUXF8     |    38 |                 CLB |
| RAMB36E2  |     5 |            BLOCKRAM |
| SRLC16E   |     4 |                 CLB |
| BUFGCE    |     3 |               Clock |
| OBUF      |     2 |                 I/O |
| PS8       |     1 |            Advanced |
| IBUFCTRL  |     1 |              Others |
| DIFFINBUF |     1 |                 I/O |
| BUFG_PS   |     1 |               Clock |
| BSCANE2   |     1 |       Configuration |
+-----------+-------+---------------------+


10. Black Boxes
---------------

+----------+------+
| Ref Name | Used |
+----------+------+


11. Instantiated Netlists
-------------------------

+----------+------+
| Ref Name | Used |
+----------+------+
| top_ila  |    2 |
| dbg_hub  |    1 |
+----------+------+


